<?xml version="1.0" encoding="UTF-8"?>
<!-- Generated by org.testng.reporters.JUnitXMLReporter -->
<testsuite ignored="2" hostname="LAPTOP-J5KFFLCN" failures="0" tests="5" name="Test1" time="2.949" errors="0" timestamp="2023-08-26T11:58:50 IST">
  <testcase classname="testcases.parallelTesting" name="@BeforeMethod setup" time="2.807">
    <failure type="org.openqa.selenium.SessionNotCreatedException" message="Could not start a new session. Response code 500. Message: session not created: This version of ChromeDriver only supports Chrome version 114
Current browser version is 116.0.5845.97 with binary path C:\Program Files\Google\Chrome\Application\chrome.exe 
Host info: host: &amp;apos;LAPTOP-J5KFFLCN&amp;apos;, ip: &amp;apos;192.168.217.17&amp;apos;
Build info: version: &amp;apos;4.10.0&amp;apos;, revision: &amp;apos;c14d967899&amp;apos;
System info: os.name: &amp;apos;Windows 11&amp;apos;, os.arch: &amp;apos;amd64&amp;apos;, os.version: &amp;apos;10.0&amp;apos;, java.version: &amp;apos;17.0.6&amp;apos;
Driver info: org.openqa.selenium.chrome.ChromeDriver
Command: [null, newSession {capabilities=[Capabilities {browserName: chrome, goog:chromeOptions: {args: [--remote-allow-origins=*], extensions: []}}]}]">
      <![CDATA[org.openqa.selenium.SessionNotCreatedException: Could not start a new session. Response code 500. Message: session not created: This version of ChromeDriver only supports Chrome version 114
Current browser version is 116.0.5845.97 with binary path C:\Program Files\Google\Chrome\Application\chrome.exe 
Host info: host: 'LAPTOP-J5KFFLCN', ip: '192.168.217.17'
Build info: version: '4.10.0', revision: 'c14d967899'
System info: os.name: 'Windows 11', os.arch: 'amd64', os.version: '10.0', java.version: '17.0.6'
Driver info: org.openqa.selenium.chrome.ChromeDriver
Command: [null, newSession {capabilities=[Capabilities {browserName: chrome, goog:chromeOptions: {args: [--remote-allow-origins=*], extensions: []}}]}]
at org.openqa.selenium.remote.ProtocolHandshake.createSession(ProtocolHandshake.java:140)
at org.openqa.selenium.remote.ProtocolHandshake.createSession(ProtocolHandshake.java:96)
at org.openqa.selenium.remote.ProtocolHandshake.createSession(ProtocolHandshake.java:68)
at org.openqa.selenium.remote.HttpCommandExecutor.execute(HttpCommandExecutor.java:163)
at org.openqa.selenium.remote.service.DriverCommandExecutor.invokeExecute(DriverCommandExecutor.java:196)
at org.openqa.selenium.remote.service.DriverCommandExecutor.execute(DriverCommandExecutor.java:171)
at org.openqa.selenium.remote.RemoteWebDriver.execute(RemoteWebDriver.java:531)
at org.openqa.selenium.remote.RemoteWebDriver.startSession(RemoteWebDriver.java:227)
at org.openqa.selenium.remote.RemoteWebDriver.<init>(RemoteWebDriver.java:154)
at org.openqa.selenium.chromium.ChromiumDriver.<init>(ChromiumDriver.java:107)
at org.openqa.selenium.chrome.ChromeDriver.<init>(ChromeDriver.java:87)
at org.openqa.selenium.chrome.ChromeDriver.<init>(ChromeDriver.java:82)
at org.openqa.selenium.chrome.ChromeDriver.<init>(ChromeDriver.java:50)
at testcases.parallelTesting.setup(parallelTesting.java:22)
at java.base/java.util.concurrent.ThreadPoolExecutor.runWorker(ThreadPoolExecutor.java:1136)
at java.base/java.util.concurrent.ThreadPoolExecutor$Worker.run(ThreadPoolExecutor.java:635)
at java.base/java.lang.Thread.run(Thread.java:833)
... Removed 16 stack frames]]>
    </failure>
  </testcase> <!-- @BeforeMethod setup -->
  <testcase classname="testcases.parallelTesting" name="@AfterMethod testDown" time="0.0">
    <skipped/>
  </testcase> <!-- @AfterMethod testDown -->
  <testcase classname="testcases.parallelTesting" name="@BeforeMethod setup" time="0.0">
    <skipped/>
  </testcase> <!-- @BeforeMethod setup -->
  <testcase classname="testcases.parallelTesting" name="@AfterMethod testDown" time="0.0">
    <skipped/>
  </testcase> <!-- @AfterMethod testDown -->
  <testcase classname="testcases.parallelTesting" name="@BeforeMethod setup" time="0.0">
    <skipped/>
  </testcase> <!-- @BeforeMethod setup -->
  <testcase classname="testcases.parallelTesting" name="@AfterMethod testDown" time="0.0">
    <skipped/>
  </testcase> <!-- @AfterMethod testDown -->
  <testcase classname="testcases.testNgGroup" name="text" time="0.011"/>
  <testcase classname="testcases.testNgGroup" name="xyz" time="0.002"/>
  <testcase classname="testcases.parallelTesting" name="verifyPageTitle" time="0.0">
    <skipped/>
  </testcase> <!-- verifyPageTitle -->
  <testcase classname="testcases.parallelTesting" name="verifyPageUrl" time="0.0">
    <skipped/>
  </testcase> <!-- verifyPageUrl -->
  <testcase classname="testcases.parallelTesting" name="verifyValidLoginWithDifferentUsers" time="0.0">
    <skipped/>
  </testcase> <!-- verifyValidLoginWithDifferentUsers -->
  <testcase classname="testcases.testNgGroup" name="abc" time="0.0">
    <ignored/>
  </testcase> <!-- abc -->
  <testcase classname="testcases.testNgGroup" name="mno" time="0.0">
    <ignored/>
  </testcase> <!-- mno -->
</testsuite> <!-- Test1 -->
